<?xml version="1.0" encoding="UTF-8"?>
<testng-results ignored="0" total="1" passed="1" failed="0" skipped="0">
  <reporter-output>
  </reporter-output>
  <suite started-at="2021-11-02T12:04:15 IST" name="Default suite" finished-at="2021-11-02T12:04:22 IST" duration-ms="7192">
    <groups>
    </groups>
    <test started-at="2021-11-02T12:04:15 IST" name="Default test" finished-at="2021-11-02T12:04:22 IST" duration-ms="7192">
      <class name="CommunityTest">
        <test-method is-config="true" signature="initalize()[pri:0, instance:CommunityTest@bd4dc25]" started-at="2021-11-02T12:04:15 IST" name="initalize" finished-at="2021-11-02T12:04:15 IST" duration-ms="427" status="PASS">
          <reporter-output>
          </reporter-output>
        </test-method> <!-- initalize -->
        <test-method is-config="true" signature="openBrowser()[pri:0, instance:CommunityTest@bd4dc25]" started-at="2021-11-02T12:04:15 IST" name="openBrowser" finished-at="2021-11-02T12:04:17 IST" duration-ms="1584" status="PASS">
          <reporter-output>
          </reporter-output>
        </test-method> <!-- openBrowser -->
        <test-method signature="testCommunityName(java.lang.String,java.lang.String,java.lang.String)[pri:0, instance:CommunityTest@bd4dc25]" started-at="2021-11-02T12:04:17 IST" name="testCommunityName" data-provider="getTestData" finished-at="2021-11-02T12:04:22 IST" duration-ms="5570" status="PASS">
          <params>
            <param index="0">
              <value>
                <![CDATA[dhaneshbhat61@gmail.com]]>
              </value>
            </param>
            <param index="1">
              <value>
                <![CDATA[techy123]]>
              </value>
            </param>
            <param index="2">
              <value>
                <![CDATA[Marathi]]>
              </value>
            </param>
          </params>
          <reporter-output>
          </reporter-output>
        </test-method> <!-- testCommunityName -->
        <test-method is-config="true" signature="closeBrowser()[pri:0, instance:CommunityTest@bd4dc25]" started-at="2021-11-02T12:04:22 IST" name="closeBrowser" finished-at="2021-11-02T12:04:22 IST" duration-ms="4" status="FAIL">
          <exception class="java.lang.NullPointerException">
            <message>
              <![CDATA[Cannot invoke "org.openqa.selenium.support.events.EventFiringWebDriver.close()" because "CommonFunctions.driver" is null]]>
            </message>
            <full-stacktrace>
              <![CDATA[java.lang.NullPointerException: Cannot invoke "org.openqa.selenium.support.events.EventFiringWebDriver.close()" because "CommonFunctions.driver" is null
at CommonFunctions.closeBrowser(CommonFunctions.java:56)
at java.base/jdk.internal.reflect.NativeMethodAccessorImpl.invoke0(Native Method)
at java.base/jdk.internal.reflect.NativeMethodAccessorImpl.invoke(NativeMethodAccessorImpl.java:77)
at java.base/jdk.internal.reflect.DelegatingMethodAccessorImpl.invoke(DelegatingMethodAccessorImpl.java:43)
at java.base/java.lang.reflect.Method.invoke(Method.java:568)
at org.testng.internal.MethodInvocationHelper.invokeMethod(MethodInvocationHelper.java:133)
at org.testng.internal.MethodInvocationHelper.invokeMethodConsideringTimeout(MethodInvocationHelper.java:62)
at org.testng.internal.ConfigInvoker.invokeConfigurationMethod(ConfigInvoker.java:385)
at org.testng.internal.ConfigInvoker.invokeConfigurations(ConfigInvoker.java:321)
at org.testng.SuiteRunner.privateRun(SuiteRunner.java:344)
at org.testng.SuiteRunner.run(SuiteRunner.java:276)
at org.testng.SuiteRunnerWorker.runSuite(SuiteRunnerWorker.java:53)
at org.testng.SuiteRunnerWorker.run(SuiteRunnerWorker.java:96)
at org.testng.TestNG.runSuitesSequentially(TestNG.java:1212)
at org.testng.TestNG.runSuitesLocally(TestNG.java:1134)
at org.testng.TestNG.runSuites(TestNG.java:1063)
at org.testng.TestNG.run(TestNG.java:1031)
at org.testng.remote.AbstractRemoteTestNG.run(AbstractRemoteTestNG.java:115)
at org.testng.remote.RemoteTestNG.initAndRun(RemoteTestNG.java:251)
at org.testng.remote.RemoteTestNG.main(RemoteTestNG.java:77)
]]>
            </full-stacktrace>
          </exception> <!-- java.lang.NullPointerException -->
          <reporter-output>
          </reporter-output>
        </test-method> <!-- closeBrowser -->
      </class> <!-- CommunityTest -->
    </test> <!-- Default test -->
  </suite> <!-- Default suite -->
</testng-results>
